<?xml version="1.0" encoding="UTF-8"?>
<!-- Generated by org.testng.reporters.JUnitReportReporter -->
<testsuite hostname="BTWINAUucmAIKsr" failures="0" tests="3" name="Test_Scenarios.Homepage" time="1.363" errors="0" timestamp="2022-10-31T14:47:39 IST" skipped="0">
  <testcase classname="Test_Scenarios.Homepage" name="verifyPageTitle" time="0.008"/>
  <system-out/>
  <testcase classname="Test_Scenarios.Homepage" name="invalidData" time="1.072"/>
  <system-out/>
  <testcase classname="Test_Scenarios.Homepage" name="validData" time="0.283"/>
  <system-out/>
</testsuite> <!-- Test_Scenarios.Homepage -->
