<?xml version="1.0" encoding="UTF-8"?>
<!-- Generated by org.testng.reporters.JUnitReportReporter -->
<testsuite hostname="BTWINAUucmAIKsr" failures="0" tests="3" name="Test_Scenarios.parallel" time="19.977" errors="0" timestamp="2022-10-30T22:08:37 IST" skipped="0">
  <testcase classname="Test_Scenarios.parallel" name="FirefoxTest" time="7.096"/>
  <system-out/>
  <testcase classname="Test_Scenarios.parallel" name="EdgeTest" time="5.650"/>
  <system-out/>
  <testcase classname="Test_Scenarios.parallel" name="ChromeTest" time="7.231"/>
  <system-out/>
</testsuite> <!-- Test_Scenarios.parallel -->
