<?xml version="1.0" encoding="UTF-8"?>
<!-- Generated by org.testng.reporters.JUnitReportReporter -->
<testsuite hostname="BTWINAUucmAIKsr" failures="0" tests="7" name="com.test_scenarios.Login" time="0.536" errors="0" timestamp="2022-11-02T10:23:44 IST" skipped="0">
  <testcase classname="com.test_scenarios.Login" name="test_log_in_registered_user" time="0.288"/>
  <system-out/>
  <testcase classname="com.test_scenarios.Login" name="test_log_in_with_empty_password" time="0.001"/>
  <system-out/>
  <testcase classname="com.test_scenarios.Login" name="test_log_in_with_empty_email_and_password" time="0.000"/>
  <system-out/>
  <testcase classname="com.test_scenarios.Login" name="test_log_in_with_unregistered_user" time="0.237"/>
  <system-out/>
  <testcase classname="com.test_scenarios.Login" name="test_check_masked_password" time="0.001"/>
  <system-out/>
  <testcase classname="com.test_scenarios.Login" name="verifyPageTitle" time="0.009"/>
  <system-out/>
  <testcase classname="com.test_scenarios.Login" name="test_log_in_with_empty_email" time="0.000"/>
  <system-out/>
</testsuite> <!-- com.test_scenarios.Login -->
