<?xml version="1.0" encoding="UTF-8"?>
<!-- Generated by org.testng.reporters.JUnitReportReporter -->
<testsuite hostname="BTWINAUucmAIKsr" failures="0" tests="2" name="com.test_scenarios.logintestng" time="1.258" errors="0" timestamp="2022-11-01T11:29:04 IST" skipped="0">
  <testcase classname="com.test_scenarios.logintestng" name="verifyPageTitle" time="0.018"/>
  <system-out/>
  <testcase classname="com.test_scenarios.logintestng" name="validData" time="1.240"/>
  <system-out/>
</testsuite> <!-- com.test_scenarios.logintestng -->
