<?xml version="1.0" encoding="UTF-8"?>
<!-- Generated by org.testng.reporters.JUnitReportReporter -->
<testsuite hostname="BTWINAUucmAIKsr" failures="0" tests="2" name="com.testScenarios.TestManagerPage" time="0.788" errors="0" timestamp="2022-11-04T14:59:22 IST" skipped="0">
  <testcase classname="com.testScenarios.TestManagerPage" name="verifyLoginPageTitle" time="0.011"/>
  <system-out/>
  <testcase classname="com.testScenarios.TestManagerPage" name="loginasManager" time="0.777"/>
  <system-out/>
</testsuite> <!-- com.testScenarios.TestManagerPage -->
