<?xml version="1.0" encoding="UTF-8"?>
<!-- Generated by org.testng.reporters.JUnitReportReporter -->
<testsuite hostname="BTWINAUucmAIKsr" failures="0" tests="3" name="Test_Scenarios.logintestng" time="0.566" errors="0" timestamp="2022-10-31T14:47:39 IST" skipped="0">
  <testcase classname="Test_Scenarios.logintestng" name="invalidData" time="0.366"/>
  <system-out/>
  <testcase classname="Test_Scenarios.logintestng" name="validData" time="0.195"/>
  <system-out/>
  <testcase classname="Test_Scenarios.logintestng" name="verifyPageTitle" time="0.005"/>
  <system-out/>
</testsuite> <!-- Test_Scenarios.logintestng -->
