<?xml version="1.0" encoding="UTF-8"?>
<!-- Generated by org.testng.reporters.JUnitReportReporter -->
<testsuite hostname="BTWINAUucmAIKsr" failures="0" tests="4" name="com.testScenarios.TestEmployeePage" time="15.725" errors="0" timestamp="2022-11-04T14:59:22 IST" skipped="0">
  <testcase classname="com.testScenarios.TestEmployeePage" name="signinVerification" time="0.812"/>
  <system-out/>
  <testcase classname="com.testScenarios.TestEmployeePage" name="addTask" time="13.067"/>
  <system-out/>
  <testcase classname="com.testScenarios.TestEmployeePage" name="verifyAddedTaskInPendingSection" time="0.578"/>
  <system-out/>
  <testcase classname="com.testScenarios.TestEmployeePage" name="logoutVerification" time="1.268"/>
  <system-out/>
</testsuite> <!-- com.testScenarios.TestEmployeePage -->
