<?xml version="1.0" encoding="UTF-8"?>
<!-- Generated by org.testng.reporters.JUnitReportReporter -->
<testsuite hostname="BTWINAUucmAIKsr" failures="0" tests="7" name="com.testScenarios.TestLoginPage" time="30.010" errors="0" timestamp="2022-11-09T11:38:29 IST" skipped="0">
  <testcase classname="com.testScenarios.TestLoginPage" name="verifyLoginPageTitle" time="2.912"/>
  <system-out/>
  <testcase classname="com.testScenarios.TestLoginPage" name="loginRegisteredUser" time="8.902"/>
  <system-out/>
  <testcase classname="com.testScenarios.TestLoginPage" name="loginUnregisteredUser" time="4.873"/>
  <system-out/>
  <testcase classname="com.testScenarios.TestLoginPage" name="loginWithEmptyEmail" time="2.596"/>
  <system-out/>
  <testcase classname="com.testScenarios.TestLoginPage" name="loginWithEmptyPassword" time="2.666"/>
  <system-out/>
  <testcase classname="com.testScenarios.TestLoginPage" name="loginWithEmptyEmailAndPassword" time="3.128"/>
  <system-out/>
  <testcase classname="com.testScenarios.TestLoginPage" name="verifyEyeIcon" time="4.933"/>
  <system-out/>
</testsuite> <!-- com.testScenarios.TestLoginPage -->
