<?xml version="1.0" encoding="UTF-8"?>
<!-- Generated by org.testng.reporters.JUnitReportReporter -->
<testsuite hostname="BTWINAUucmAIKsr" failures="0" tests="3" name="Test_Scenarios.Manager" time="0.713" errors="0" timestamp="2022-10-31T14:47:39 IST" skipped="0">
  <testcase classname="Test_Scenarios.Manager" name="invalidData" time="0.385"/>
  <system-out/>
  <testcase classname="Test_Scenarios.Manager" name="verifyPageTitle" time="0.004"/>
  <system-out/>
  <testcase classname="Test_Scenarios.Manager" name="validData" time="0.324"/>
  <system-out/>
</testsuite> <!-- Test_Scenarios.Manager -->
