<?xml version="1.0" encoding="UTF-8"?>
<!-- Generated by org.testng.reporters.JUnitReportReporter -->
<testsuite hostname="BTWINAUucmAIKsr" failures="0" tests="4" name="com.bottomline.pmtx.LoginPage.login" time="1.512" errors="0" timestamp="2022-10-30T10:27:29 IST" skipped="0">
  <testcase classname="com.bottomline.pmtx.LoginPage.login" name="validdata" time="0.276"/>
  <system-out/>
  <testcase classname="com.bottomline.pmtx.LoginPage.login" name="validdatawithEnter" time="0.628"/>
  <system-out/>
  <testcase classname="com.bottomline.pmtx.LoginPage.login" name="invalid" time="0.220"/>
  <system-out/>
  <testcase classname="com.bottomline.pmtx.LoginPage.login" name="password" time="0.388"/>
  <system-out/>
</testsuite> <!-- com.bottomline.pmtx.LoginPage.login -->
