<?xml version="1.0" encoding="UTF-8"?>
<!-- Generated by org.testng.reporters.JUnitReportReporter -->
<testsuite hostname="BTWINAUucmAIKsr" failures="0" tests="2" name="com.test_scenarios.Homepage" time="1.167" errors="0" timestamp="2022-11-02T10:23:44 IST" skipped="0">
  <testcase classname="com.test_scenarios.Homepage" name="valid" time="1.154"/>
  <system-out/>
  <testcase classname="com.test_scenarios.Homepage" name="title" time="0.013"/>
  <system-out/>
</testsuite> <!-- com.test_scenarios.Homepage -->
